2023-12-09 13:11:53,728 INFO: Flask application startup [in /home/ramzidaher/Desktop/LoveJoy/main.py:109]
2023-12-09 13:13:30,704 INFO: Flask application startup [in /home/ramzidaher/Desktop/LoveJoy/main.py:109]
2023-12-09 13:13:31,035 INFO: Flask application startup [in /home/ramzidaher/Desktop/LoveJoy/main.py:109]
2023-12-09 13:15:20,848 INFO: Flask application startup [in /home/ramzidaher/Desktop/LoveJoy/main.py:109]
2023-12-09 13:15:21,175 INFO: Flask application startup [in /home/ramzidaher/Desktop/LoveJoy/main.py:109]
2023-12-09 13:15:35,248 INFO: Flask application startup [in /home/ramzidaher/Desktop/LoveJoy/main.py:109]
2023-12-10 09:42:48,154 INFO: Flask application startup [in /home/ramzidaher/Desktop/LoveJoy/main.py:111]
2023-12-10 09:43:49,747 INFO: Flask application startup [in /home/ramzidaher/Desktop/LoveJoy/main.py:111]
2023-12-10 09:43:50,074 INFO: Flask application startup [in /home/ramzidaher/Desktop/LoveJoy/main.py:111]
2023-12-10 09:45:21,499 INFO: Flask application startup [in /home/ramzidaher/Desktop/LoveJoy/main.py:111]
2023-12-10 10:11:20,198 INFO: Flask application startup [in /home/ramzidaher/Desktop/LoveJoy/main.py:111]
2023-12-10 10:11:25,075 INFO: Flask application startup [in /home/ramzidaher/Desktop/LoveJoy/main.py:111]
2023-12-10 10:14:36,161 INFO: Flask application startup [in /home/ramzidaher/Desktop/LoveJoy/main.py:109]
2023-12-10 10:15:35,014 INFO: Flask application startup [in /home/ramzidaher/Desktop/LoveJoy/main.py:109]
2023-12-10 10:15:52,104 INFO: Flask application startup [in /home/ramzidaher/Desktop/LoveJoy/main.py:109]
2023-12-10 10:16:49,154 INFO: Flask application startup [in /home/ramzidaher/Desktop/LoveJoy/main.py:109]
2023-12-10 10:17:35,601 INFO: Flask application startup [in /home/ramzidaher/Desktop/LoveJoy/main.py:109]
2023-12-10 10:18:20,623 ERROR: Exception on /register [POST] [in /home/ramzidaher/.local/lib/python3.10/site-packages/flask/app.py:825]
Traceback (most recent call last):
  File "/home/ramzidaher/.local/lib/python3.10/site-packages/flask/app.py", line 1455, in wsgi_app
    response = self.full_dispatch_request()
  File "/home/ramzidaher/.local/lib/python3.10/site-packages/flask/app.py", line 869, in full_dispatch_request
    rv = self.handle_user_exception(e)
  File "/home/ramzidaher/.local/lib/python3.10/site-packages/flask/app.py", line 867, in full_dispatch_request
    rv = self.dispatch_request()
  File "/home/ramzidaher/.local/lib/python3.10/site-packages/flask/app.py", line 852, in dispatch_request
    return self.ensure_sync(self.view_functions[rule.endpoint])(**view_args)
  File "/home/ramzidaher/Desktop/LoveJoy/main.py", line 255, in signup
    mail.send(msg)
  File "/home/ramzidaher/.local/lib/python3.10/site-packages/flask_mail.py", line 492, in send
    message.send(connection)
  File "/home/ramzidaher/.local/lib/python3.10/site-packages/flask_mail.py", line 427, in send
    connection.send(self)
  File "/home/ramzidaher/.local/lib/python3.10/site-packages/flask_mail.py", line 177, in send
    assert message.sender, (
AssertionError: The message does not specify a sender and a default sender has not been configured
2023-12-10 10:19:09,785 INFO: Flask application startup [in /home/ramzidaher/Desktop/LoveJoy/main.py:109]
2023-12-10 10:21:37,872 INFO: Flask application startup [in /home/ramzidaher/Desktop/LoveJoy/main.py:109]
2023-12-10 10:21:47,261 INFO: Flask application startup [in /home/ramzidaher/Desktop/LoveJoy/main.py:109]
2023-12-10 10:22:43,430 INFO: Flask application startup [in /home/ramzidaher/Desktop/LoveJoy/main.py:109]
2023-12-10 10:35:48,488 INFO: Flask application startup [in /home/ramzidaher/Desktop/LoveJoy/main.py:109]
2023-12-10 10:38:38,433 INFO: Flask application startup [in /home/ramzidaher/Desktop/LoveJoy/main.py:109]
2023-12-10 10:39:32,495 INFO: Flask application startup [in /home/ramzidaher/Desktop/LoveJoy/main.py:109]
2023-12-10 10:40:17,828 INFO: Flask application startup [in /home/ramzidaher/Desktop/LoveJoy/main.py:109]
2023-12-10 10:41:07,979 INFO: Flask application startup [in /home/ramzidaher/Desktop/LoveJoy/main.py:109]
2023-12-10 10:41:10,869 INFO: Flask application startup [in /home/ramzidaher/Desktop/LoveJoy/main.py:109]
2023-12-10 10:44:58,809 INFO: Flask application startup [in /home/ramzidaher/Desktop/LoveJoy/main.py:109]
2023-12-10 10:45:03,406 INFO: Flask application startup [in /home/ramzidaher/Desktop/LoveJoy/main.py:109]
2023-12-10 10:46:35,335 INFO: Flask application startup [in /home/ramzidaher/Desktop/LoveJoy/main.py:109]
2023-12-10 10:47:24,087 INFO: Flask application startup [in /home/ramzidaher/Desktop/LoveJoy/main.py:109]
2023-12-10 10:47:26,130 INFO: Flask application startup [in /home/ramzidaher/Desktop/LoveJoy/main.py:109]
2023-12-10 10:50:36,133 INFO: Flask application startup [in /home/ramzidaher/Desktop/LoveJoy/main.py:109]
